DEBUG http-thread-pool-8080(5) org.apache.commons.beanutils.converters.BooleanConverter - Setting default value: false
DEBUG http-thread-pool-8080(5) org.apache.commons.beanutils.converters.BooleanConverter - Converting 'Boolean' value 'false' to type 'Boolean'
DEBUG http-thread-pool-8080(5) org.apache.commons.beanutils.converters.BooleanConverter -     No conversion required, value is already a Boolean
DEBUG http-thread-pool-8080(5) org.apache.commons.beanutils.converters.ByteConverter - Setting default value: 0
DEBUG http-thread-pool-8080(5) org.apache.commons.beanutils.converters.ByteConverter - Converting 'Integer' value '0' to type 'Byte'
DEBUG http-thread-pool-8080(5) org.apache.commons.beanutils.converters.ByteConverter -     Converted to Byte value '0'
DEBUG http-thread-pool-8080(5) org.apache.commons.beanutils.converters.CharacterConverter - Setting default value:  
DEBUG http-thread-pool-8080(5) org.apache.commons.beanutils.converters.CharacterConverter - Converting 'Character' value ' ' to type 'Character'
DEBUG http-thread-pool-8080(5) org.apache.commons.beanutils.converters.CharacterConverter -     No conversion required, value is already a Character
DEBUG http-thread-pool-8080(5) org.apache.commons.beanutils.converters.DoubleConverter - Setting default value: 0
DEBUG http-thread-pool-8080(5) org.apache.commons.beanutils.converters.DoubleConverter - Converting 'Integer' value '0' to type 'Double'
DEBUG http-thread-pool-8080(5) org.apache.commons.beanutils.converters.DoubleConverter -     Converted to Double value '0.0'
DEBUG http-thread-pool-8080(5) org.apache.commons.beanutils.converters.FloatConverter - Setting default value: 0
DEBUG http-thread-pool-8080(5) org.apache.commons.beanutils.converters.FloatConverter - Converting 'Integer' value '0' to type 'Float'
DEBUG http-thread-pool-8080(5) org.apache.commons.beanutils.converters.FloatConverter -     Converted to Float value '0.0'
DEBUG http-thread-pool-8080(5) org.apache.commons.beanutils.converters.IntegerConverter - Setting default value: 0
DEBUG http-thread-pool-8080(5) org.apache.commons.beanutils.converters.IntegerConverter - Converting 'Integer' value '0' to type 'Integer'
DEBUG http-thread-pool-8080(5) org.apache.commons.beanutils.converters.IntegerConverter -     No conversion required, value is already a Integer
DEBUG http-thread-pool-8080(5) org.apache.commons.beanutils.converters.LongConverter - Setting default value: 0
DEBUG http-thread-pool-8080(5) org.apache.commons.beanutils.converters.LongConverter - Converting 'Integer' value '0' to type 'Long'
DEBUG http-thread-pool-8080(5) org.apache.commons.beanutils.converters.LongConverter -     Converted to Long value '0'
DEBUG http-thread-pool-8080(5) org.apache.commons.beanutils.converters.ShortConverter - Setting default value: 0
DEBUG http-thread-pool-8080(5) org.apache.commons.beanutils.converters.ShortConverter - Converting 'Integer' value '0' to type 'Short'
DEBUG http-thread-pool-8080(5) org.apache.commons.beanutils.converters.ShortConverter -     Converted to Short value '0'
DEBUG http-thread-pool-8080(5) org.apache.commons.beanutils.converters.BigDecimalConverter - Setting default value: 0.0
DEBUG http-thread-pool-8080(5) org.apache.commons.beanutils.converters.BigDecimalConverter - Converting 'BigDecimal' value '0.0' to type 'BigDecimal'
DEBUG http-thread-pool-8080(5) org.apache.commons.beanutils.converters.BigDecimalConverter -     No conversion required, value is already a BigDecimal
DEBUG http-thread-pool-8080(5) org.apache.commons.beanutils.converters.BigIntegerConverter - Setting default value: 0
DEBUG http-thread-pool-8080(5) org.apache.commons.beanutils.converters.BigIntegerConverter - Converting 'BigInteger' value '0' to type 'BigInteger'
DEBUG http-thread-pool-8080(5) org.apache.commons.beanutils.converters.BigIntegerConverter -     No conversion required, value is already a BigInteger
DEBUG http-thread-pool-8080(5) org.apache.commons.beanutils.converters.BooleanConverter - Setting default value: false
DEBUG http-thread-pool-8080(5) org.apache.commons.beanutils.converters.BooleanConverter - Converting 'Boolean' value 'false' to type 'Boolean'
DEBUG http-thread-pool-8080(5) org.apache.commons.beanutils.converters.BooleanConverter -     No conversion required, value is already a Boolean
DEBUG http-thread-pool-8080(5) org.apache.commons.beanutils.converters.ByteConverter - Setting default value: 0
DEBUG http-thread-pool-8080(5) org.apache.commons.beanutils.converters.ByteConverter - Converting 'Integer' value '0' to type 'Byte'
DEBUG http-thread-pool-8080(5) org.apache.commons.beanutils.converters.ByteConverter -     Converted to Byte value '0'
DEBUG http-thread-pool-8080(5) org.apache.commons.beanutils.converters.CharacterConverter - Setting default value:  
DEBUG http-thread-pool-8080(5) org.apache.commons.beanutils.converters.CharacterConverter - Converting 'Character' value ' ' to type 'Character'
DEBUG http-thread-pool-8080(5) org.apache.commons.beanutils.converters.CharacterConverter -     No conversion required, value is already a Character
DEBUG http-thread-pool-8080(5) org.apache.commons.beanutils.converters.DoubleConverter - Setting default value: 0
DEBUG http-thread-pool-8080(5) org.apache.commons.beanutils.converters.DoubleConverter - Converting 'Integer' value '0' to type 'Double'
DEBUG http-thread-pool-8080(5) org.apache.commons.beanutils.converters.DoubleConverter -     Converted to Double value '0.0'
DEBUG http-thread-pool-8080(5) org.apache.commons.beanutils.converters.FloatConverter - Setting default value: 0
DEBUG http-thread-pool-8080(5) org.apache.commons.beanutils.converters.FloatConverter - Converting 'Integer' value '0' to type 'Float'
DEBUG http-thread-pool-8080(5) org.apache.commons.beanutils.converters.FloatConverter -     Converted to Float value '0.0'
DEBUG http-thread-pool-8080(5) org.apache.commons.beanutils.converters.IntegerConverter - Setting default value: 0
DEBUG http-thread-pool-8080(5) org.apache.commons.beanutils.converters.IntegerConverter - Converting 'Integer' value '0' to type 'Integer'
DEBUG http-thread-pool-8080(5) org.apache.commons.beanutils.converters.IntegerConverter -     No conversion required, value is already a Integer
DEBUG http-thread-pool-8080(5) org.apache.commons.beanutils.converters.LongConverter - Setting default value: 0
DEBUG http-thread-pool-8080(5) org.apache.commons.beanutils.converters.LongConverter - Converting 'Integer' value '0' to type 'Long'
DEBUG http-thread-pool-8080(5) org.apache.commons.beanutils.converters.LongConverter -     Converted to Long value '0'
DEBUG http-thread-pool-8080(5) org.apache.commons.beanutils.converters.ShortConverter - Setting default value: 0
DEBUG http-thread-pool-8080(5) org.apache.commons.beanutils.converters.ShortConverter - Converting 'Integer' value '0' to type 'Short'
DEBUG http-thread-pool-8080(5) org.apache.commons.beanutils.converters.ShortConverter -     Converted to Short value '0'
DEBUG http-thread-pool-8080(5) org.apache.commons.beanutils.converters.StringConverter - Setting default value: 
DEBUG http-thread-pool-8080(5) org.apache.commons.beanutils.converters.StringConverter - Converting 'String' value '' to type 'String'
DEBUG http-thread-pool-8080(5) org.apache.commons.beanutils.converters.ArrayConverter - Setting default value: [Z@1f06c04
DEBUG http-thread-pool-8080(5) org.apache.commons.beanutils.converters.ArrayConverter - Converting 'boolean[]' value '[Z@1f06c04' to type 'boolean[]'
DEBUG http-thread-pool-8080(5) org.apache.commons.beanutils.converters.ArrayConverter -     No conversion required, value is already a boolean[]
DEBUG http-thread-pool-8080(5) org.apache.commons.beanutils.converters.ArrayConverter - Setting default value: [B@1439e7b
DEBUG http-thread-pool-8080(5) org.apache.commons.beanutils.converters.ArrayConverter - Converting 'byte[]' value '[B@1439e7b' to type 'byte[]'
DEBUG http-thread-pool-8080(5) org.apache.commons.beanutils.converters.ArrayConverter -     No conversion required, value is already a byte[]
DEBUG http-thread-pool-8080(5) org.apache.commons.beanutils.converters.ArrayConverter - Setting default value: [C@59b36d
DEBUG http-thread-pool-8080(5) org.apache.commons.beanutils.converters.ArrayConverter - Converting 'char[]' value '[C@59b36d' to type 'char[]'
DEBUG http-thread-pool-8080(5) org.apache.commons.beanutils.converters.ArrayConverter -     No conversion required, value is already a char[]
DEBUG http-thread-pool-8080(5) org.apache.commons.beanutils.converters.ArrayConverter - Setting default value: [D@112ec93
DEBUG http-thread-pool-8080(5) org.apache.commons.beanutils.converters.ArrayConverter - Converting 'double[]' value '[D@112ec93' to type 'double[]'
DEBUG http-thread-pool-8080(5) org.apache.commons.beanutils.converters.ArrayConverter -     No conversion required, value is already a double[]
DEBUG http-thread-pool-8080(5) org.apache.commons.beanutils.converters.ArrayConverter - Setting default value: [F@169c638
DEBUG http-thread-pool-8080(5) org.apache.commons.beanutils.converters.ArrayConverter - Converting 'float[]' value '[F@169c638' to type 'float[]'
DEBUG http-thread-pool-8080(5) org.apache.commons.beanutils.converters.ArrayConverter -     No conversion required, value is already a float[]
DEBUG http-thread-pool-8080(5) org.apache.commons.beanutils.converters.ArrayConverter - Setting default value: [I@15499b8
DEBUG http-thread-pool-8080(5) org.apache.commons.beanutils.converters.ArrayConverter - Converting 'int[]' value '[I@15499b8' to type 'int[]'
DEBUG http-thread-pool-8080(5) org.apache.commons.beanutils.converters.ArrayConverter -     No conversion required, value is already a int[]
DEBUG http-thread-pool-8080(5) org.apache.commons.beanutils.converters.ArrayConverter - Setting default value: [J@1382190
DEBUG http-thread-pool-8080(5) org.apache.commons.beanutils.converters.ArrayConverter - Converting 'long[]' value '[J@1382190' to type 'long[]'
DEBUG http-thread-pool-8080(5) org.apache.commons.beanutils.converters.ArrayConverter -     No conversion required, value is already a long[]
DEBUG http-thread-pool-8080(5) org.apache.commons.beanutils.converters.ArrayConverter - Setting default value: [S@23a9e1
DEBUG http-thread-pool-8080(5) org.apache.commons.beanutils.converters.ArrayConverter - Converting 'short[]' value '[S@23a9e1' to type 'short[]'
DEBUG http-thread-pool-8080(5) org.apache.commons.beanutils.converters.ArrayConverter -     No conversion required, value is already a short[]
DEBUG http-thread-pool-8080(5) org.apache.commons.beanutils.converters.ArrayConverter - Setting default value: [Ljava.math.BigDecimal;@165fe21
DEBUG http-thread-pool-8080(5) org.apache.commons.beanutils.converters.ArrayConverter - Converting 'BigDecimal[]' value '[Ljava.math.BigDecimal;@165fe21' to type 'BigDecimal[]'
DEBUG http-thread-pool-8080(5) org.apache.commons.beanutils.converters.ArrayConverter -     No conversion required, value is already a BigDecimal[]
DEBUG http-thread-pool-8080(5) org.apache.commons.beanutils.converters.ArrayConverter - Setting default value: [Ljava.math.BigInteger;@10f69df
DEBUG http-thread-pool-8080(5) org.apache.commons.beanutils.converters.ArrayConverter - Converting 'BigInteger[]' value '[Ljava.math.BigInteger;@10f69df' to type 'BigInteger[]'
DEBUG http-thread-pool-8080(5) org.apache.commons.beanutils.converters.ArrayConverter -     No conversion required, value is already a BigInteger[]
DEBUG http-thread-pool-8080(5) org.apache.commons.beanutils.converters.ArrayConverter - Setting default value: [Ljava.lang.Boolean;@efb004
DEBUG http-thread-pool-8080(5) org.apache.commons.beanutils.converters.ArrayConverter - Converting 'Boolean[]' value '[Ljava.lang.Boolean;@efb004' to type 'Boolean[]'
DEBUG http-thread-pool-8080(5) org.apache.commons.beanutils.converters.ArrayConverter -     No conversion required, value is already a Boolean[]
DEBUG http-thread-pool-8080(5) org.apache.commons.beanutils.converters.ArrayConverter - Setting default value: [Ljava.lang.Byte;@ce46c
DEBUG http-thread-pool-8080(5) org.apache.commons.beanutils.converters.ArrayConverter - Converting 'Byte[]' value '[Ljava.lang.Byte;@ce46c' to type 'Byte[]'
DEBUG http-thread-pool-8080(5) org.apache.commons.beanutils.converters.ArrayConverter -     No conversion required, value is already a Byte[]
DEBUG http-thread-pool-8080(5) org.apache.commons.beanutils.converters.ArrayConverter - Setting default value: [Ljava.lang.Character;@68a6e6
DEBUG http-thread-pool-8080(5) org.apache.commons.beanutils.converters.ArrayConverter - Converting 'Character[]' value '[Ljava.lang.Character;@68a6e6' to type 'Character[]'
DEBUG http-thread-pool-8080(5) org.apache.commons.beanutils.converters.ArrayConverter -     No conversion required, value is already a Character[]
DEBUG http-thread-pool-8080(5) org.apache.commons.beanutils.converters.ArrayConverter - Setting default value: [Ljava.lang.Double;@a54e74
DEBUG http-thread-pool-8080(5) org.apache.commons.beanutils.converters.ArrayConverter - Converting 'Double[]' value '[Ljava.lang.Double;@a54e74' to type 'Double[]'
DEBUG http-thread-pool-8080(5) org.apache.commons.beanutils.converters.ArrayConverter -     No conversion required, value is already a Double[]
DEBUG http-thread-pool-8080(5) org.apache.commons.beanutils.converters.ArrayConverter - Setting default value: [Ljava.lang.Float;@c1c5e8
DEBUG http-thread-pool-8080(5) org.apache.commons.beanutils.converters.ArrayConverter - Converting 'Float[]' value '[Ljava.lang.Float;@c1c5e8' to type 'Float[]'
DEBUG http-thread-pool-8080(5) org.apache.commons.beanutils.converters.ArrayConverter -     No conversion required, value is already a Float[]
DEBUG http-thread-pool-8080(5) org.apache.commons.beanutils.converters.ArrayConverter - Setting default value: [Ljava.lang.Integer;@1a809e9
DEBUG http-thread-pool-8080(5) org.apache.commons.beanutils.converters.ArrayConverter - Converting 'Integer[]' value '[Ljava.lang.Integer;@1a809e9' to type 'Integer[]'
DEBUG http-thread-pool-8080(5) org.apache.commons.beanutils.converters.ArrayConverter -     No conversion required, value is already a Integer[]
DEBUG http-thread-pool-8080(5) org.apache.commons.beanutils.converters.ArrayConverter - Setting default value: [Ljava.lang.Long;@122cae7
DEBUG http-thread-pool-8080(5) org.apache.commons.beanutils.converters.ArrayConverter - Converting 'Long[]' value '[Ljava.lang.Long;@122cae7' to type 'Long[]'
DEBUG http-thread-pool-8080(5) org.apache.commons.beanutils.converters.ArrayConverter -     No conversion required, value is already a Long[]
DEBUG http-thread-pool-8080(5) org.apache.commons.beanutils.converters.ArrayConverter - Setting default value: [Ljava.lang.Short;@137230c
DEBUG http-thread-pool-8080(5) org.apache.commons.beanutils.converters.ArrayConverter - Converting 'Short[]' value '[Ljava.lang.Short;@137230c' to type 'Short[]'
DEBUG http-thread-pool-8080(5) org.apache.commons.beanutils.converters.ArrayConverter -     No conversion required, value is already a Short[]
DEBUG http-thread-pool-8080(5) org.apache.commons.beanutils.converters.ArrayConverter - Setting default value: [Ljava.lang.String;@de0526
DEBUG http-thread-pool-8080(5) org.apache.commons.beanutils.converters.ArrayConverter - Converting 'String[]' value '[Ljava.lang.String;@de0526' to type 'String[]'
DEBUG http-thread-pool-8080(5) org.apache.commons.beanutils.converters.ArrayConverter -     No conversion required, value is already a String[]
DEBUG http-thread-pool-8080(5) org.apache.commons.beanutils.converters.ArrayConverter - Setting default value: [Ljava.lang.Class;@240449
DEBUG http-thread-pool-8080(5) org.apache.commons.beanutils.converters.ArrayConverter - Converting 'Class[]' value '[Ljava.lang.Class;@240449' to type 'Class[]'
DEBUG http-thread-pool-8080(5) org.apache.commons.beanutils.converters.ArrayConverter -     No conversion required, value is already a Class[]
DEBUG http-thread-pool-8080(5) org.apache.commons.beanutils.converters.ArrayConverter - Setting default value: [Ljava.util.Date;@17f6510
DEBUG http-thread-pool-8080(5) org.apache.commons.beanutils.converters.ArrayConverter - Converting 'Date[]' value '[Ljava.util.Date;@17f6510' to type 'Date[]'
DEBUG http-thread-pool-8080(5) org.apache.commons.beanutils.converters.ArrayConverter -     No conversion required, value is already a Date[]
DEBUG http-thread-pool-8080(5) org.apache.commons.beanutils.converters.ArrayConverter - Setting default value: [Ljava.util.Calendar;@1cb358a
DEBUG http-thread-pool-8080(5) org.apache.commons.beanutils.converters.ArrayConverter - Converting 'Calendar[]' value '[Ljava.util.Calendar;@1cb358a' to type 'Calendar[]'
DEBUG http-thread-pool-8080(5) org.apache.commons.beanutils.converters.ArrayConverter -     No conversion required, value is already a Calendar[]
DEBUG http-thread-pool-8080(5) org.apache.commons.beanutils.converters.ArrayConverter - Setting default value: [Ljava.io.File;@c352c0
DEBUG http-thread-pool-8080(5) org.apache.commons.beanutils.converters.ArrayConverter - Converting 'java.io.File[]' value '[Ljava.io.File;@c352c0' to type 'java.io.File[]'
DEBUG http-thread-pool-8080(5) org.apache.commons.beanutils.converters.ArrayConverter -     No conversion required, value is already a java.io.File[]
DEBUG http-thread-pool-8080(5) org.apache.commons.beanutils.converters.ArrayConverter - Setting default value: [Ljava.sql.Date;@1c0c9d7
DEBUG http-thread-pool-8080(5) org.apache.commons.beanutils.converters.ArrayConverter - Converting 'java.sql.Date[]' value '[Ljava.sql.Date;@1c0c9d7' to type 'java.sql.Date[]'
DEBUG http-thread-pool-8080(5) org.apache.commons.beanutils.converters.ArrayConverter -     No conversion required, value is already a java.sql.Date[]
DEBUG http-thread-pool-8080(5) org.apache.commons.beanutils.converters.ArrayConverter - Setting default value: [Ljava.sql.Time;@a0e30f
DEBUG http-thread-pool-8080(5) org.apache.commons.beanutils.converters.ArrayConverter - Converting 'java.sql.Time[]' value '[Ljava.sql.Time;@a0e30f' to type 'java.sql.Time[]'
DEBUG http-thread-pool-8080(5) org.apache.commons.beanutils.converters.ArrayConverter -     No conversion required, value is already a java.sql.Time[]
DEBUG http-thread-pool-8080(5) org.apache.commons.beanutils.converters.ArrayConverter - Setting default value: [Ljava.sql.Timestamp;@b09bea
DEBUG http-thread-pool-8080(5) org.apache.commons.beanutils.converters.ArrayConverter - Converting 'java.sql.Timestamp[]' value '[Ljava.sql.Timestamp;@b09bea' to type 'java.sql.Timestamp[]'
DEBUG http-thread-pool-8080(5) org.apache.commons.beanutils.converters.ArrayConverter -     No conversion required, value is already a java.sql.Timestamp[]
DEBUG http-thread-pool-8080(5) org.apache.commons.beanutils.converters.ArrayConverter - Setting default value: [Ljava.net.URL;@17e9519
DEBUG http-thread-pool-8080(5) org.apache.commons.beanutils.converters.ArrayConverter - Converting 'java.net.URL[]' value '[Ljava.net.URL;@17e9519' to type 'java.net.URL[]'
DEBUG http-thread-pool-8080(5) org.apache.commons.beanutils.converters.ArrayConverter -     No conversion required, value is already a java.net.URL[]
DEBUG http-thread-pool-8080(2) org.apache.commons.beanutils.converters.BooleanConverter - Setting default value: false
DEBUG http-thread-pool-8080(2) org.apache.commons.beanutils.converters.BooleanConverter - Converting 'Boolean' value 'false' to type 'Boolean'
DEBUG http-thread-pool-8080(2) org.apache.commons.beanutils.converters.BooleanConverter -     No conversion required, value is already a Boolean
DEBUG http-thread-pool-8080(2) org.apache.commons.beanutils.converters.ByteConverter - Setting default value: 0
DEBUG http-thread-pool-8080(2) org.apache.commons.beanutils.converters.ByteConverter - Converting 'Integer' value '0' to type 'Byte'
DEBUG http-thread-pool-8080(2) org.apache.commons.beanutils.converters.ByteConverter -     Converted to Byte value '0'
DEBUG http-thread-pool-8080(2) org.apache.commons.beanutils.converters.CharacterConverter - Setting default value:  
DEBUG http-thread-pool-8080(2) org.apache.commons.beanutils.converters.CharacterConverter - Converting 'Character' value ' ' to type 'Character'
DEBUG http-thread-pool-8080(2) org.apache.commons.beanutils.converters.CharacterConverter -     No conversion required, value is already a Character
DEBUG http-thread-pool-8080(2) org.apache.commons.beanutils.converters.DoubleConverter - Setting default value: 0
DEBUG http-thread-pool-8080(2) org.apache.commons.beanutils.converters.DoubleConverter - Converting 'Integer' value '0' to type 'Double'
DEBUG http-thread-pool-8080(2) org.apache.commons.beanutils.converters.DoubleConverter -     Converted to Double value '0.0'
DEBUG http-thread-pool-8080(2) org.apache.commons.beanutils.converters.FloatConverter - Setting default value: 0
DEBUG http-thread-pool-8080(2) org.apache.commons.beanutils.converters.FloatConverter - Converting 'Integer' value '0' to type 'Float'
DEBUG http-thread-pool-8080(2) org.apache.commons.beanutils.converters.FloatConverter -     Converted to Float value '0.0'
DEBUG http-thread-pool-8080(2) org.apache.commons.beanutils.converters.IntegerConverter - Setting default value: 0
DEBUG http-thread-pool-8080(2) org.apache.commons.beanutils.converters.IntegerConverter - Converting 'Integer' value '0' to type 'Integer'
DEBUG http-thread-pool-8080(2) org.apache.commons.beanutils.converters.IntegerConverter -     No conversion required, value is already a Integer
DEBUG http-thread-pool-8080(2) org.apache.commons.beanutils.converters.LongConverter - Setting default value: 0
DEBUG http-thread-pool-8080(2) org.apache.commons.beanutils.converters.LongConverter - Converting 'Integer' value '0' to type 'Long'
DEBUG http-thread-pool-8080(2) org.apache.commons.beanutils.converters.LongConverter -     Converted to Long value '0'
DEBUG http-thread-pool-8080(2) org.apache.commons.beanutils.converters.ShortConverter - Setting default value: 0
DEBUG http-thread-pool-8080(2) org.apache.commons.beanutils.converters.ShortConverter - Converting 'Integer' value '0' to type 'Short'
DEBUG http-thread-pool-8080(2) org.apache.commons.beanutils.converters.ShortConverter -     Converted to Short value '0'
DEBUG http-thread-pool-8080(2) org.apache.commons.beanutils.converters.BigDecimalConverter - Setting default value: 0.0
DEBUG http-thread-pool-8080(2) org.apache.commons.beanutils.converters.BigDecimalConverter - Converting 'BigDecimal' value '0.0' to type 'BigDecimal'
DEBUG http-thread-pool-8080(2) org.apache.commons.beanutils.converters.BigDecimalConverter -     No conversion required, value is already a BigDecimal
DEBUG http-thread-pool-8080(2) org.apache.commons.beanutils.converters.BigIntegerConverter - Setting default value: 0
DEBUG http-thread-pool-8080(2) org.apache.commons.beanutils.converters.BigIntegerConverter - Converting 'BigInteger' value '0' to type 'BigInteger'
DEBUG http-thread-pool-8080(2) org.apache.commons.beanutils.converters.BigIntegerConverter -     No conversion required, value is already a BigInteger
DEBUG http-thread-pool-8080(2) org.apache.commons.beanutils.converters.BooleanConverter - Setting default value: false
DEBUG http-thread-pool-8080(2) org.apache.commons.beanutils.converters.BooleanConverter - Converting 'Boolean' value 'false' to type 'Boolean'
DEBUG http-thread-pool-8080(2) org.apache.commons.beanutils.converters.BooleanConverter -     No conversion required, value is already a Boolean
DEBUG http-thread-pool-8080(2) org.apache.commons.beanutils.converters.ByteConverter - Setting default value: 0
DEBUG http-thread-pool-8080(2) org.apache.commons.beanutils.converters.ByteConverter - Converting 'Integer' value '0' to type 'Byte'
DEBUG http-thread-pool-8080(2) org.apache.commons.beanutils.converters.ByteConverter -     Converted to Byte value '0'
DEBUG http-thread-pool-8080(2) org.apache.commons.beanutils.converters.CharacterConverter - Setting default value:  
DEBUG http-thread-pool-8080(2) org.apache.commons.beanutils.converters.CharacterConverter - Converting 'Character' value ' ' to type 'Character'
DEBUG http-thread-pool-8080(2) org.apache.commons.beanutils.converters.CharacterConverter -     No conversion required, value is already a Character
DEBUG http-thread-pool-8080(2) org.apache.commons.beanutils.converters.DoubleConverter - Setting default value: 0
DEBUG http-thread-pool-8080(2) org.apache.commons.beanutils.converters.DoubleConverter - Converting 'Integer' value '0' to type 'Double'
DEBUG http-thread-pool-8080(2) org.apache.commons.beanutils.converters.DoubleConverter -     Converted to Double value '0.0'
DEBUG http-thread-pool-8080(2) org.apache.commons.beanutils.converters.FloatConverter - Setting default value: 0
DEBUG http-thread-pool-8080(2) org.apache.commons.beanutils.converters.FloatConverter - Converting 'Integer' value '0' to type 'Float'
DEBUG http-thread-pool-8080(2) org.apache.commons.beanutils.converters.FloatConverter -     Converted to Float value '0.0'
DEBUG http-thread-pool-8080(2) org.apache.commons.beanutils.converters.IntegerConverter - Setting default value: 0
DEBUG http-thread-pool-8080(2) org.apache.commons.beanutils.converters.IntegerConverter - Converting 'Integer' value '0' to type 'Integer'
DEBUG http-thread-pool-8080(2) org.apache.commons.beanutils.converters.IntegerConverter -     No conversion required, value is already a Integer
DEBUG http-thread-pool-8080(2) org.apache.commons.beanutils.converters.LongConverter - Setting default value: 0
DEBUG http-thread-pool-8080(2) org.apache.commons.beanutils.converters.LongConverter - Converting 'Integer' value '0' to type 'Long'
DEBUG http-thread-pool-8080(2) org.apache.commons.beanutils.converters.LongConverter -     Converted to Long value '0'
DEBUG http-thread-pool-8080(2) org.apache.commons.beanutils.converters.ShortConverter - Setting default value: 0
DEBUG http-thread-pool-8080(2) org.apache.commons.beanutils.converters.ShortConverter - Converting 'Integer' value '0' to type 'Short'
DEBUG http-thread-pool-8080(2) org.apache.commons.beanutils.converters.ShortConverter -     Converted to Short value '0'
DEBUG http-thread-pool-8080(2) org.apache.commons.beanutils.converters.StringConverter - Setting default value: 
DEBUG http-thread-pool-8080(2) org.apache.commons.beanutils.converters.StringConverter - Converting 'String' value '' to type 'String'
DEBUG http-thread-pool-8080(2) org.apache.commons.beanutils.converters.ArrayConverter - Setting default value: [Z@16e0c33
DEBUG http-thread-pool-8080(2) org.apache.commons.beanutils.converters.ArrayConverter - Converting 'boolean[]' value '[Z@16e0c33' to type 'boolean[]'
DEBUG http-thread-pool-8080(2) org.apache.commons.beanutils.converters.ArrayConverter -     No conversion required, value is already a boolean[]
DEBUG http-thread-pool-8080(2) org.apache.commons.beanutils.converters.ArrayConverter - Setting default value: [B@1e2f863
DEBUG http-thread-pool-8080(2) org.apache.commons.beanutils.converters.ArrayConverter - Converting 'byte[]' value '[B@1e2f863' to type 'byte[]'
DEBUG http-thread-pool-8080(2) org.apache.commons.beanutils.converters.ArrayConverter -     No conversion required, value is already a byte[]
DEBUG http-thread-pool-8080(2) org.apache.commons.beanutils.converters.ArrayConverter - Setting default value: [C@2165fe
DEBUG http-thread-pool-8080(2) org.apache.commons.beanutils.converters.ArrayConverter - Converting 'char[]' value '[C@2165fe' to type 'char[]'
DEBUG http-thread-pool-8080(2) org.apache.commons.beanutils.converters.ArrayConverter -     No conversion required, value is already a char[]
DEBUG http-thread-pool-8080(2) org.apache.commons.beanutils.converters.ArrayConverter - Setting default value: [D@af3e28
DEBUG http-thread-pool-8080(2) org.apache.commons.beanutils.converters.ArrayConverter - Converting 'double[]' value '[D@af3e28' to type 'double[]'
DEBUG http-thread-pool-8080(2) org.apache.commons.beanutils.converters.ArrayConverter -     No conversion required, value is already a double[]
DEBUG http-thread-pool-8080(2) org.apache.commons.beanutils.converters.ArrayConverter - Setting default value: [F@119b67f
DEBUG http-thread-pool-8080(2) org.apache.commons.beanutils.converters.ArrayConverter - Converting 'float[]' value '[F@119b67f' to type 'float[]'
DEBUG http-thread-pool-8080(2) org.apache.commons.beanutils.converters.ArrayConverter -     No conversion required, value is already a float[]
DEBUG http-thread-pool-8080(2) org.apache.commons.beanutils.converters.ArrayConverter - Setting default value: [I@11c5291
DEBUG http-thread-pool-8080(2) org.apache.commons.beanutils.converters.ArrayConverter - Converting 'int[]' value '[I@11c5291' to type 'int[]'
DEBUG http-thread-pool-8080(2) org.apache.commons.beanutils.converters.ArrayConverter -     No conversion required, value is already a int[]
DEBUG http-thread-pool-8080(2) org.apache.commons.beanutils.converters.ArrayConverter - Setting default value: [J@70b764
DEBUG http-thread-pool-8080(2) org.apache.commons.beanutils.converters.ArrayConverter - Converting 'long[]' value '[J@70b764' to type 'long[]'
DEBUG http-thread-pool-8080(2) org.apache.commons.beanutils.converters.ArrayConverter -     No conversion required, value is already a long[]
DEBUG http-thread-pool-8080(2) org.apache.commons.beanutils.converters.ArrayConverter - Setting default value: [S@181afa
DEBUG http-thread-pool-8080(2) org.apache.commons.beanutils.converters.ArrayConverter - Converting 'short[]' value '[S@181afa' to type 'short[]'
DEBUG http-thread-pool-8080(2) org.apache.commons.beanutils.converters.ArrayConverter -     No conversion required, value is already a short[]
DEBUG http-thread-pool-8080(2) org.apache.commons.beanutils.converters.ArrayConverter - Setting default value: [Ljava.math.BigDecimal;@931322
DEBUG http-thread-pool-8080(2) org.apache.commons.beanutils.converters.ArrayConverter - Converting 'BigDecimal[]' value '[Ljava.math.BigDecimal;@931322' to type 'BigDecimal[]'
DEBUG http-thread-pool-8080(2) org.apache.commons.beanutils.converters.ArrayConverter -     No conversion required, value is already a BigDecimal[]
DEBUG http-thread-pool-8080(2) org.apache.commons.beanutils.converters.ArrayConverter - Setting default value: [Ljava.math.BigInteger;@1cd3511
DEBUG http-thread-pool-8080(2) org.apache.commons.beanutils.converters.ArrayConverter - Converting 'BigInteger[]' value '[Ljava.math.BigInteger;@1cd3511' to type 'BigInteger[]'
DEBUG http-thread-pool-8080(2) org.apache.commons.beanutils.converters.ArrayConverter -     No conversion required, value is already a BigInteger[]
DEBUG http-thread-pool-8080(2) org.apache.commons.beanutils.converters.ArrayConverter - Setting default value: [Ljava.lang.Boolean;@1570cbc
DEBUG http-thread-pool-8080(2) org.apache.commons.beanutils.converters.ArrayConverter - Converting 'Boolean[]' value '[Ljava.lang.Boolean;@1570cbc' to type 'Boolean[]'
DEBUG http-thread-pool-8080(2) org.apache.commons.beanutils.converters.ArrayConverter -     No conversion required, value is already a Boolean[]
DEBUG http-thread-pool-8080(2) org.apache.commons.beanutils.converters.ArrayConverter - Setting default value: [Ljava.lang.Byte;@53355
DEBUG http-thread-pool-8080(2) org.apache.commons.beanutils.converters.ArrayConverter - Converting 'Byte[]' value '[Ljava.lang.Byte;@53355' to type 'Byte[]'
DEBUG http-thread-pool-8080(2) org.apache.commons.beanutils.converters.ArrayConverter -     No conversion required, value is already a Byte[]
DEBUG http-thread-pool-8080(2) org.apache.commons.beanutils.converters.ArrayConverter - Setting default value: [Ljava.lang.Character;@16d40a5
DEBUG http-thread-pool-8080(2) org.apache.commons.beanutils.converters.ArrayConverter - Converting 'Character[]' value '[Ljava.lang.Character;@16d40a5' to type 'Character[]'
DEBUG http-thread-pool-8080(2) org.apache.commons.beanutils.converters.ArrayConverter -     No conversion required, value is already a Character[]
DEBUG http-thread-pool-8080(2) org.apache.commons.beanutils.converters.ArrayConverter - Setting default value: [Ljava.lang.Double;@1af3e81
DEBUG http-thread-pool-8080(2) org.apache.commons.beanutils.converters.ArrayConverter - Converting 'Double[]' value '[Ljava.lang.Double;@1af3e81' to type 'Double[]'
DEBUG http-thread-pool-8080(2) org.apache.commons.beanutils.converters.ArrayConverter -     No conversion required, value is already a Double[]
DEBUG http-thread-pool-8080(2) org.apache.commons.beanutils.converters.ArrayConverter - Setting default value: [Ljava.lang.Float;@30913f
DEBUG http-thread-pool-8080(2) org.apache.commons.beanutils.converters.ArrayConverter - Converting 'Float[]' value '[Ljava.lang.Float;@30913f' to type 'Float[]'
DEBUG http-thread-pool-8080(2) org.apache.commons.beanutils.converters.ArrayConverter -     No conversion required, value is already a Float[]
DEBUG http-thread-pool-8080(2) org.apache.commons.beanutils.converters.ArrayConverter - Setting default value: [Ljava.lang.Integer;@8feb4e
DEBUG http-thread-pool-8080(2) org.apache.commons.beanutils.converters.ArrayConverter - Converting 'Integer[]' value '[Ljava.lang.Integer;@8feb4e' to type 'Integer[]'
DEBUG http-thread-pool-8080(2) org.apache.commons.beanutils.converters.ArrayConverter -     No conversion required, value is already a Integer[]
DEBUG http-thread-pool-8080(2) org.apache.commons.beanutils.converters.ArrayConverter - Setting default value: [Ljava.lang.Long;@a1555a
DEBUG http-thread-pool-8080(2) org.apache.commons.beanutils.converters.ArrayConverter - Converting 'Long[]' value '[Ljava.lang.Long;@a1555a' to type 'Long[]'
DEBUG http-thread-pool-8080(2) org.apache.commons.beanutils.converters.ArrayConverter -     No conversion required, value is already a Long[]
DEBUG http-thread-pool-8080(2) org.apache.commons.beanutils.converters.ArrayConverter - Setting default value: [Ljava.lang.Short;@1ea8d29
DEBUG http-thread-pool-8080(2) org.apache.commons.beanutils.converters.ArrayConverter - Converting 'Short[]' value '[Ljava.lang.Short;@1ea8d29' to type 'Short[]'
DEBUG http-thread-pool-8080(2) org.apache.commons.beanutils.converters.ArrayConverter -     No conversion required, value is already a Short[]
DEBUG http-thread-pool-8080(2) org.apache.commons.beanutils.converters.ArrayConverter - Setting default value: [Ljava.lang.String;@1d9b305
DEBUG http-thread-pool-8080(2) org.apache.commons.beanutils.converters.ArrayConverter - Converting 'String[]' value '[Ljava.lang.String;@1d9b305' to type 'String[]'
DEBUG http-thread-pool-8080(2) org.apache.commons.beanutils.converters.ArrayConverter -     No conversion required, value is already a String[]
DEBUG http-thread-pool-8080(2) org.apache.commons.beanutils.converters.ArrayConverter - Setting default value: [Ljava.lang.Class;@1781250
DEBUG http-thread-pool-8080(2) org.apache.commons.beanutils.converters.ArrayConverter - Converting 'Class[]' value '[Ljava.lang.Class;@1781250' to type 'Class[]'
DEBUG http-thread-pool-8080(2) org.apache.commons.beanutils.converters.ArrayConverter -     No conversion required, value is already a Class[]
DEBUG http-thread-pool-8080(2) org.apache.commons.beanutils.converters.ArrayConverter - Setting default value: [Ljava.util.Date;@1d4840b
DEBUG http-thread-pool-8080(2) org.apache.commons.beanutils.converters.ArrayConverter - Converting 'Date[]' value '[Ljava.util.Date;@1d4840b' to type 'Date[]'
DEBUG http-thread-pool-8080(2) org.apache.commons.beanutils.converters.ArrayConverter -     No conversion required, value is already a Date[]
DEBUG http-thread-pool-8080(2) org.apache.commons.beanutils.converters.ArrayConverter - Setting default value: [Ljava.util.Calendar;@cc441b
DEBUG http-thread-pool-8080(2) org.apache.commons.beanutils.converters.ArrayConverter - Converting 'Calendar[]' value '[Ljava.util.Calendar;@cc441b' to type 'Calendar[]'
DEBUG http-thread-pool-8080(2) org.apache.commons.beanutils.converters.ArrayConverter -     No conversion required, value is already a Calendar[]
DEBUG http-thread-pool-8080(2) org.apache.commons.beanutils.converters.ArrayConverter - Setting default value: [Ljava.io.File;@173b07c
DEBUG http-thread-pool-8080(2) org.apache.commons.beanutils.converters.ArrayConverter - Converting 'java.io.File[]' value '[Ljava.io.File;@173b07c' to type 'java.io.File[]'
DEBUG http-thread-pool-8080(2) org.apache.commons.beanutils.converters.ArrayConverter -     No conversion required, value is already a java.io.File[]
DEBUG http-thread-pool-8080(2) org.apache.commons.beanutils.converters.ArrayConverter - Setting default value: [Ljava.sql.Date;@aff031
DEBUG http-thread-pool-8080(2) org.apache.commons.beanutils.converters.ArrayConverter - Converting 'java.sql.Date[]' value '[Ljava.sql.Date;@aff031' to type 'java.sql.Date[]'
DEBUG http-thread-pool-8080(2) org.apache.commons.beanutils.converters.ArrayConverter -     No conversion required, value is already a java.sql.Date[]
DEBUG http-thread-pool-8080(2) org.apache.commons.beanutils.converters.ArrayConverter - Setting default value: [Ljava.sql.Time;@a4b295
DEBUG http-thread-pool-8080(2) org.apache.commons.beanutils.converters.ArrayConverter - Converting 'java.sql.Time[]' value '[Ljava.sql.Time;@a4b295' to type 'java.sql.Time[]'
DEBUG http-thread-pool-8080(2) org.apache.commons.beanutils.converters.ArrayConverter -     No conversion required, value is already a java.sql.Time[]
DEBUG http-thread-pool-8080(2) org.apache.commons.beanutils.converters.ArrayConverter - Setting default value: [Ljava.sql.Timestamp;@f7801
DEBUG http-thread-pool-8080(2) org.apache.commons.beanutils.converters.ArrayConverter - Converting 'java.sql.Timestamp[]' value '[Ljava.sql.Timestamp;@f7801' to type 'java.sql.Timestamp[]'
DEBUG http-thread-pool-8080(2) org.apache.commons.beanutils.converters.ArrayConverter -     No conversion required, value is already a java.sql.Timestamp[]
DEBUG http-thread-pool-8080(2) org.apache.commons.beanutils.converters.ArrayConverter - Setting default value: [Ljava.net.URL;@e891ef
DEBUG http-thread-pool-8080(2) org.apache.commons.beanutils.converters.ArrayConverter - Converting 'java.net.URL[]' value '[Ljava.net.URL;@e891ef' to type 'java.net.URL[]'
DEBUG http-thread-pool-8080(2) org.apache.commons.beanutils.converters.ArrayConverter -     No conversion required, value is already a java.net.URL[]
